Copyright 1986-2016 Xilinx, Inc. All Rights Reserved.
------------------------------------------------------------------------------------
| Tool Version : Vivado v.2016.4 (win64) Build 1756540 Mon Jan 23 19:11:23 MST 2017
| Date         : Tue May 07 20:13:01 2024
| Host         : LAPTOP-KN9N3SBV running 64-bit major release  (build 9200)
| Command      : report_drc -file ExecutionUnit_drc_opted.rpt
| Design       : ExecutionUnit
| Device       : xc7a35tcpg236-1
| Speed File   : -1
| Design State : Synthesized
------------------------------------------------------------------------------------

Report DRC

Table of Contents
-----------------
1. REPORT SUMMARY
2. REPORT DETAILS

1. REPORT SUMMARY
-----------------
            Netlist: netlist
          Floorplan: design_1
      Design limits: <entire design considered>
           Ruledeck: default
             Max violations: <unlimited>
             Violations found: 4
+-------------+----------+-------------------------------------------------------------+------------+
| Rule        | Severity | Description                                                 | Violations |
+-------------+----------+-------------------------------------------------------------+------------+
| PLHOLDVIO-2 | Warning  | Non-Optimal connections which could lead to hold violations | 4          |
+-------------+----------+-------------------------------------------------------------+------------+

2. REPORT DETAILS
-----------------
PLHOLDVIO-2#1 Warning
Non-Optimal connections which could lead to hold violations  
A LUT CU/CM01/COUNT[3]_i_2__2 is driving clock pin of 4 cells. This could lead to large hold time violations. First few involved cells are:
    CU/CM10/COUNT_reg[3] {FDCE}
    CU/CM10/COUNT_reg[0] {FDCE}
    CU/CM10/COUNT_reg[2] {FDCE}
    CU/CM10/COUNT_reg[1] {FDCE}

Related violations: <none>

PLHOLDVIO-2#2 Warning
Non-Optimal connections which could lead to hold violations  
A LUT CU/CS01/COUNT[3]_i_2__0 is driving clock pin of 4 cells. This could lead to large hold time violations. First few involved cells are:
    CU/CS10/COUNT_reg[3] {FDCE}
    CU/CS10/COUNT_reg[1] {FDCE}
    CU/CS10/COUNT_reg[0] {FDCE}
    CU/CS10/COUNT_reg[2] {FDCE}

Related violations: <none>

PLHOLDVIO-2#3 Warning
Non-Optimal connections which could lead to hold violations  
A LUT CU/CS10/COUNT[3]_i_3 is driving clock pin of 4 cells. This could lead to large hold time violations. First few involved cells are:
    CU/CM01/COUNT_reg[3] {FDCE}
    CU/CM01/COUNT_reg[0] {FDCE}
    CU/CM01/COUNT_reg[1] {FDCE}
    CU/CM01/COUNT_reg[2] {FDCE}

Related violations: <none>

PLHOLDVIO-2#4 Warning
Non-Optimal connections which could lead to hold violations  
A LUT FD1/COUNT[3]_i_3__0 is driving clock pin of 4 cells. This could lead to large hold time violations. First few involved cells are:
    CU/CS01/COUNT_reg[3] {FDCE}
    CU/CS01/COUNT_reg[2] {FDCE}
    CU/CS01/COUNT_reg[0] {FDCE}
    CU/CS01/COUNT_reg[1] {FDCE}

Related violations: <none>


