Copyright 1986-2016 Xilinx, Inc. All Rights Reserved.
------------------------------------------------------------------------------------
| Tool Version : Vivado v.2016.4 (win64) Build 1756540 Mon Jan 23 19:11:23 MST 2017
| Date         : Tue May 07 20:30:40 2024
| Host         : LAPTOP-KN9N3SBV running 64-bit major release  (build 9200)
| Command      : report_drc -file TOP_drc_opted.rpt
| Design       : TOP
| Device       : xc7a35tcpg236-1
| Speed File   : -1
| Design State : Synthesized
------------------------------------------------------------------------------------

Report DRC

Table of Contents
-----------------
1. REPORT SUMMARY
2. REPORT DETAILS

1. REPORT SUMMARY
-----------------
            Netlist: netlist
          Floorplan: design_1
      Design limits: <entire design considered>
           Ruledeck: default
             Max violations: <unlimited>
             Violations found: 5
+-------------+----------+-------------------------------------------------------------+------------+
| Rule        | Severity | Description                                                 | Violations |
+-------------+----------+-------------------------------------------------------------+------------+
| PLHOLDVIO-2 | Warning  | Non-Optimal connections which could lead to hold violations | 5          |
+-------------+----------+-------------------------------------------------------------+------------+

2. REPORT DETAILS
-----------------
PLHOLDVIO-2#1 Warning
Non-Optimal connections which could lead to hold violations  
A LUT CU/DBEN/temp_i_2 is driving clock pin of 1 cells. This could lead to large hold time violations. First few involved cells are:
    CU/TFFUD/temp_reg {FDRE}

Related violations: <none>

PLHOLDVIO-2#2 Warning
Non-Optimal connections which could lead to hold violations  
A LUT EU/CU/CM01/COUNT[3]_i_2__0 is driving clock pin of 4 cells. This could lead to large hold time violations. First few involved cells are:
    EU/CU/CM10/COUNT_reg[0] {FDCE}
    EU/CU/CM10/COUNT_reg[2] {FDCE}
    EU/CU/CM10/COUNT_reg[3] {FDCE}
    EU/CU/CM10/COUNT_reg[1] {FDCE}

Related violations: <none>

PLHOLDVIO-2#3 Warning
Non-Optimal connections which could lead to hold violations  
A LUT EU/CU/CS01/COUNT[2]_i_2 is driving clock pin of 3 cells. This could lead to large hold time violations. First few involved cells are:
    EU/CU/CS10/COUNT_reg[0] {FDCE}
    EU/CU/CS10/COUNT_reg[1] {FDCE}
    EU/CU/CS10/COUNT_reg[2] {FDCE}

Related violations: <none>

PLHOLDVIO-2#4 Warning
Non-Optimal connections which could lead to hold violations  
A LUT EU/CU/CS10/COUNT[3]_i_2 is driving clock pin of 4 cells. This could lead to large hold time violations. First few involved cells are:
    EU/CU/CM01/COUNT_reg[1] {FDCE}
    EU/CU/CM01/COUNT_reg[3] {FDCE}
    EU/CU/CM01/COUNT_reg[2] {FDCE}
    EU/CU/CM01/COUNT_reg[0] {FDCE}

Related violations: <none>

PLHOLDVIO-2#5 Warning
Non-Optimal connections which could lead to hold violations  
A LUT EU/FD1/COUNT[3]_i_2__1 is driving clock pin of 4 cells. This could lead to large hold time violations. First few involved cells are:
    EU/CU/CS01/COUNT_reg[3] {FDCE}
    EU/CU/CS01/COUNT_reg[2] {FDCE}
    EU/CU/CS01/COUNT_reg[0] {FDCE}
    EU/CU/CS01/COUNT_reg[1] {FDCE}

Related violations: <none>


